<?xml version="1.0" encoding="UTF-8"?>
<testng-results skipped="0" failed="0" ignored="0" total="1" passed="1">
  <reporter-output>
  </reporter-output>
  <suite name="Suite" duration-ms="13779" started-at="2019-02-13T07:06:06Z" finished-at="2019-02-13T07:06:20Z">
    <groups>
    </groups>
    <test name="Test" duration-ms="13779" started-at="2019-02-13T07:06:06Z" finished-at="2019-02-13T07:06:20Z">
      <class name="com.qa.selenium.tests.AmazonHomePageTest">
        <test-method status="PASS" signature="pageLander()[pri:0, instance:com.qa.selenium.tests.AmazonHomePageTest@4f7d0008]" name="pageLander" is-config="true" duration-ms="11261" started-at="2019-02-13T07:06:06Z" finished-at="2019-02-13T07:06:17Z">
          <reporter-output>
          </reporter-output>
        </test-method> <!-- pageLander -->
        <test-method status="PASS" signature="titleTest()[pri:0, instance:com.qa.selenium.tests.AmazonHomePageTest@4f7d0008]" name="titleTest" duration-ms="229" started-at="2019-02-13T07:06:17Z" finished-at="2019-02-13T07:06:17Z">
          <reporter-output>
          </reporter-output>
        </test-method> <!-- titleTest -->
        <test-method status="PASS" signature="closeTest()[pri:0, instance:com.qa.selenium.tests.AmazonHomePageTest@4f7d0008]" name="closeTest" is-config="true" duration-ms="2248" started-at="2019-02-13T07:06:17Z" finished-at="2019-02-13T07:06:20Z">
          <reporter-output>
          </reporter-output>
        </test-method> <!-- closeTest -->
      </class> <!-- com.qa.selenium.tests.AmazonHomePageTest -->
    </test> <!-- Test -->
  </suite> <!-- Suite -->
</testng-results>
